<?xml version="1.0" encoding="UTF-8"?>
<!-- Generated by org.testng.reporters.JUnitReportReporter -->
<testsuite skipped="0" hostname="NaveenKumar" name="com.hrms.TestScripts.TC_hrms_002" tests="1" failures="0" timestamp="15 Oct 2020 06:32:52 GMT" time="10.955" errors="0">
  <testcase name="tcm2" time="10.955" classname="com.hrms.TestScripts.TC_hrms_002"/>
</testsuite> <!-- com.hrms.TestScripts.TC_hrms_002 -->
