<?xml version="1.0" encoding="UTF-8"?>
<!-- Generated by org.testng.reporters.JUnitReportReporter -->
<testsuite skipped="0" hostname="NaveenKumar" name="com.hrms.TestScripts.testngex" tests="1" failures="0" timestamp="13 Oct 2020 04:21:09 GMT" time="0.011" errors="0">
  <testcase name="login" time="0.011" classname="com.hrms.TestScripts.testngex"/>
</testsuite> <!-- com.hrms.TestScripts.testngex -->
